<?xml version="1.0" encoding="UTF-8"?>
<testng-results skipped="0" failed="0" ignored="0" total="1" passed="1">
  <reporter-output>
  </reporter-output>
  <suite name="Default suite" duration-ms="16241" started-at="2018-05-27T13:58:01Z" finished-at="2018-05-27T13:58:17Z">
    <groups>
    </groups>
    <test name="Default test" duration-ms="16241" started-at="2018-05-27T13:58:01Z" finished-at="2018-05-27T13:58:17Z">
      <class name="testcasepaypal.TC001_PayPalSignUp">
        <test-method status="PASS" signature="beforeSuite()[pri:0, instance:testcasepaypal.TC001_PayPalSignUp@136e911]" name="beforeSuite" is-config="true" duration-ms="815" started-at="2018-05-27T13:58:00Z" finished-at="2018-05-27T13:58:01Z">
          <reporter-output>
          </reporter-output>
        </test-method> <!-- beforeSuite -->
        <test-method status="PASS" signature="setData()[pri:0, instance:testcasepaypal.TC001_PayPalSignUp@136e911]" name="setData" is-config="true" duration-ms="0" started-at="2018-05-27T13:58:01Z" finished-at="2018-05-27T13:58:01Z">
          <reporter-output>
          </reporter-output>
        </test-method> <!-- setData -->
        <test-method status="PASS" signature="beforeClass()[pri:0, instance:testcasepaypal.TC001_PayPalSignUp@136e911]" name="beforeClass" is-config="true" duration-ms="2" started-at="2018-05-27T13:58:01Z" finished-at="2018-05-27T13:58:01Z">
          <reporter-output>
          </reporter-output>
        </test-method> <!-- beforeClass -->
        <test-method status="PASS" signature="beforeMethod()[pri:0, instance:testcasepaypal.TC001_PayPalSignUp@136e911]" name="beforeMethod" is-config="true" duration-ms="12840" started-at="2018-05-27T13:58:01Z" finished-at="2018-05-27T13:58:14Z">
          <reporter-output>
          </reporter-output>
        </test-method> <!-- beforeMethod -->
        <test-method status="PASS" signature="PayPalSignUp()[pri:0, instance:testcasepaypal.TC001_PayPalSignUp@136e911]" name="PayPalSignUp" duration-ms="2675" started-at="2018-05-27T13:58:14Z" finished-at="2018-05-27T13:58:17Z">
          <reporter-output>
          </reporter-output>
        </test-method> <!-- PayPalSignUp -->
        <test-method status="PASS" signature="afterMethod()[pri:0, instance:testcasepaypal.TC001_PayPalSignUp@136e911]" name="afterMethod" is-config="true" duration-ms="690" started-at="2018-05-27T13:58:17Z" finished-at="2018-05-27T13:58:17Z">
          <reporter-output>
          </reporter-output>
        </test-method> <!-- afterMethod -->
        <test-method status="PASS" signature="afterTest()[pri:0, instance:testcasepaypal.TC001_PayPalSignUp@136e911]" name="afterTest" is-config="true" duration-ms="1" started-at="2018-05-27T13:58:17Z" finished-at="2018-05-27T13:58:17Z">
          <reporter-output>
          </reporter-output>
        </test-method> <!-- afterTest -->
        <test-method status="PASS" signature="afterSuite()[pri:0, instance:testcasepaypal.TC001_PayPalSignUp@136e911]" name="afterSuite" is-config="true" duration-ms="425" started-at="2018-05-27T13:58:17Z" finished-at="2018-05-27T13:58:18Z">
          <reporter-output>
          </reporter-output>
        </test-method> <!-- afterSuite -->
      </class> <!-- testcasepaypal.TC001_PayPalSignUp -->
    </test> <!-- Default test -->
  </suite> <!-- Default suite -->
</testng-results>
